<?xml version="1.0" encoding="UTF-8"?>
<!-- Generated by org.testng.reporters.JUnitReportReporter -->
<testsuite hostname="ASDP1534PO01976" name="com.qait.automation.TatocPageObject.AppTest" tests="6" failures="0" timestamp="4 Sep 2018 11:19:28 GMT" time="8.972" errors="0">
  <testcase name="LoginWithNullPasswordAndValidUserName" time="0.259" classname="com.qait.automation.TatocPageObject.AppTest"/>
  <testcase name="LoginWithValidPasswordAndNullUserName" time="0.217" classname="com.qait.automation.TatocPageObject.AppTest"/>
  <testcase name="LoginWithvalidPasswordAndvalidUserName" time="7.140" classname="com.qait.automation.TatocPageObject.AppTest"/>
  <testcase name="LoginWithinvalidPasswordAndvalidUserName" time="0.548" classname="com.qait.automation.TatocPageObject.AppTest"/>
  <testcase name="LoginWithNullPasswordAndNullUserName" time="0.292" classname="com.qait.automation.TatocPageObject.AppTest"/>
  <testcase name="LoginWithvalidPasswordAndinvalidUserName" time="0.516" classname="com.qait.automation.TatocPageObject.AppTest"/>
</testsuite> <!-- com.qait.automation.TatocPageObject.AppTest -->
